2026-02-11T17:00:05.747456Z  INFO tailwindcss_oxide::scanner: Provided sources:
2026-02-11T17:00:05.748879Z  INFO tailwindcss_oxide::scanner: Source: PublicSourceEntry { base: "C:\\Users\\bhave\\OneDrive\\Desktop\\New app\\lost-found-app", pattern: "**/*", negated: false }
2026-02-11T17:00:05.750260Z  INFO tailwindcss_oxide::scanner: Optimized sources:
2026-02-11T17:00:05.750316Z  INFO tailwindcss_oxide::scanner: Source: Auto { base: "C:\\Users\\bhave\\OneDrive\\Desktop\\New app\\lost-found-app" }
2026-02-11T17:00:05.753114Z  INFO scan_sources: tailwindcss_oxide::scanner: enter
2026-02-11T17:00:05.757756Z  INFO scan_sources: tailwindcss_oxide::scanner: Discovering "C:\\Users\\bhave\\OneDrive\\Desktop\\New app\\lost-found-app\\app"
2026-02-11T17:00:05.758250Z  INFO scan_sources: tailwindcss_oxide::scanner: Discovering "C:\\Users\\bhave\\OneDrive\\Desktop\\New app\\lost-found-app\\app\\actions"
2026-02-11T17:00:05.758636Z  INFO scan_sources: tailwindcss_oxide::scanner: Discovering "C:\\Users\\bhave\\OneDrive\\Desktop\\New app\\lost-found-app\\app\\actions\\admin.ts"
2026-02-11T17:00:05.758836Z  INFO scan_sources: tailwindcss_oxide::scanner: Discovering "C:\\Users\\bhave\\OneDrive\\Desktop\\New app\\lost-found-app\\app\\actions\\auth.ts"
2026-02-11T17:00:05.759020Z  INFO scan_sources: tailwindcss_oxide::scanner: Discovering "C:\\Users\\bhave\\OneDrive\\Desktop\\New app\\lost-found-app\\app\\actions\\claim.ts"
2026-02-11T17:00:05.759242Z  INFO scan_sources: tailwindcss_oxide::scanner: Discovering "C:\\Users\\bhave\\OneDrive\\Desktop\\New app\\lost-found-app\\app\\actions\\item.ts"
2026-02-11T17:00:05.759452Z  INFO scan_sources: tailwindcss_oxide::scanner: Discovering "C:\\Users\\bhave\\OneDrive\\Desktop\\New app\\lost-found-app\\app\\actions\\notification.ts"
2026-02-11T17:00:05.759634Z  INFO scan_sources: tailwindcss_oxide::scanner: Discovering "C:\\Users\\bhave\\OneDrive\\Desktop\\New app\\lost-found-app\\app\\actions\\report.ts"
2026-02-11T17:00:05.759815Z  INFO scan_sources: tailwindcss_oxide::scanner: Discovering "C:\\Users\\bhave\\OneDrive\\Desktop\\New app\\lost-found-app\\app\\actions\\user.ts"
2026-02-11T17:00:05.760181Z  INFO scan_sources: tailwindcss_oxide::scanner: Discovering "C:\\Users\\bhave\\OneDrive\\Desktop\\New app\\lost-found-app\\app\\admin"
2026-02-11T17:00:05.760547Z  INFO scan_sources: tailwindcss_oxide::scanner: Discovering "C:\\Users\\bhave\\OneDrive\\Desktop\\New app\\lost-found-app\\app\\admin\\page.tsx"
2026-02-11T17:00:05.760911Z  INFO scan_sources: tailwindcss_oxide::scanner: Discovering "C:\\Users\\bhave\\OneDrive\\Desktop\\New app\\lost-found-app\\app\\api"
2026-02-11T17:00:05.761358Z  INFO scan_sources: tailwindcss_oxide::scanner: Discovering "C:\\Users\\bhave\\OneDrive\\Desktop\\New app\\lost-found-app\\app\\api\\auth"
2026-02-11T17:00:05.761833Z  INFO scan_sources: tailwindcss_oxide::scanner: Discovering "C:\\Users\\bhave\\OneDrive\\Desktop\\New app\\lost-found-app\\app\\api\\auth\\[...nextauth]"
2026-02-11T17:00:05.762189Z  INFO scan_sources: tailwindcss_oxide::scanner: Discovering "C:\\Users\\bhave\\OneDrive\\Desktop\\New app\\lost-found-app\\app\\api\\auth\\[...nextauth]\\route.ts"
2026-02-11T17:00:05.762696Z  INFO scan_sources: tailwindcss_oxide::scanner: Discovering "C:\\Users\\bhave\\OneDrive\\Desktop\\New app\\lost-found-app\\app\\api\\register"
2026-02-11T17:00:05.763063Z  INFO scan_sources: tailwindcss_oxide::scanner: Discovering "C:\\Users\\bhave\\OneDrive\\Desktop\\New app\\lost-found-app\\app\\api\\register\\route.ts"
2026-02-11T17:00:05.763398Z  INFO scan_sources: tailwindcss_oxide::scanner: Discovering "C:\\Users\\bhave\\OneDrive\\Desktop\\New app\\lost-found-app\\app\\api\\upload"
2026-02-11T17:00:05.763761Z  INFO scan_sources: tailwindcss_oxide::scanner: Discovering "C:\\Users\\bhave\\OneDrive\\Desktop\\New app\\lost-found-app\\app\\api\\upload\\route.ts"
2026-02-11T17:00:05.764190Z  INFO scan_sources: tailwindcss_oxide::scanner: Discovering "C:\\Users\\bhave\\OneDrive\\Desktop\\New app\\lost-found-app\\app\\forgot-password"
2026-02-11T17:00:05.764534Z  INFO scan_sources: tailwindcss_oxide::scanner: Discovering "C:\\Users\\bhave\\OneDrive\\Desktop\\New app\\lost-found-app\\app\\forgot-password\\page.tsx"
2026-02-11T17:00:05.764876Z  INFO scan_sources: tailwindcss_oxide::scanner: Discovering "C:\\Users\\bhave\\OneDrive\\Desktop\\New app\\lost-found-app\\app\\globals.css"
2026-02-11T17:00:05.765160Z  INFO scan_sources: tailwindcss_oxide::scanner: Discovering "C:\\Users\\bhave\\OneDrive\\Desktop\\New app\\lost-found-app\\app\\item"
2026-02-11T17:00:05.766103Z  INFO scan_sources: tailwindcss_oxide::scanner: Discovering "C:\\Users\\bhave\\OneDrive\\Desktop\\New app\\lost-found-app\\app\\item\\[id]"
2026-02-11T17:00:05.766560Z  INFO scan_sources: tailwindcss_oxide::scanner: Discovering "C:\\Users\\bhave\\OneDrive\\Desktop\\New app\\lost-found-app\\app\\item\\[id]\\page.tsx"
2026-02-11T17:00:05.766909Z  INFO scan_sources: tailwindcss_oxide::scanner: Discovering "C:\\Users\\bhave\\OneDrive\\Desktop\\New app\\lost-found-app\\app\\layout.tsx"
2026-02-11T17:00:05.767216Z  INFO scan_sources: tailwindcss_oxide::scanner: Discovering "C:\\Users\\bhave\\OneDrive\\Desktop\\New app\\lost-found-app\\app\\login"
2026-02-11T17:00:05.767659Z  INFO scan_sources: tailwindcss_oxide::scanner: Discovering "C:\\Users\\bhave\\OneDrive\\Desktop\\New app\\lost-found-app\\app\\login\\page.tsx"
2026-02-11T17:00:05.768018Z  INFO scan_sources: tailwindcss_oxide::scanner: Discovering "C:\\Users\\bhave\\OneDrive\\Desktop\\New app\\lost-found-app\\app\\matching"
2026-02-11T17:00:05.768361Z  INFO scan_sources: tailwindcss_oxide::scanner: Discovering "C:\\Users\\bhave\\OneDrive\\Desktop\\New app\\lost-found-app\\app\\matching\\page.tsx"
2026-02-11T17:00:05.768615Z  INFO scan_sources: tailwindcss_oxide::scanner: Discovering "C:\\Users\\bhave\\OneDrive\\Desktop\\New app\\lost-found-app\\app\\page.tsx"
2026-02-11T17:00:05.768916Z  INFO scan_sources: tailwindcss_oxide::scanner: Discovering "C:\\Users\\bhave\\OneDrive\\Desktop\\New app\\lost-found-app\\app\\profile"
2026-02-11T17:00:05.769268Z  INFO scan_sources: tailwindcss_oxide::scanner: Discovering "C:\\Users\\bhave\\OneDrive\\Desktop\\New app\\lost-found-app\\app\\profile\\page.tsx"
2026-02-11T17:00:05.769512Z  INFO scan_sources: tailwindcss_oxide::scanner: Discovering "C:\\Users\\bhave\\OneDrive\\Desktop\\New app\\lost-found-app\\app\\providers.tsx"
2026-02-11T17:00:05.769857Z  INFO scan_sources: tailwindcss_oxide::scanner: Discovering "C:\\Users\\bhave\\OneDrive\\Desktop\\New app\\lost-found-app\\app\\register"
2026-02-11T17:00:05.770208Z  INFO scan_sources: tailwindcss_oxide::scanner: Discovering "C:\\Users\\bhave\\OneDrive\\Desktop\\New app\\lost-found-app\\app\\register\\page.tsx"
2026-02-11T17:00:05.770571Z  INFO scan_sources: tailwindcss_oxide::scanner: Discovering "C:\\Users\\bhave\\OneDrive\\Desktop\\New app\\lost-found-app\\app\\report"
2026-02-11T17:00:05.771018Z  INFO scan_sources: tailwindcss_oxide::scanner: Discovering "C:\\Users\\bhave\\OneDrive\\Desktop\\New app\\lost-found-app\\app\\report\\found"
2026-02-11T17:00:05.771399Z  INFO scan_sources: tailwindcss_oxide::scanner: Discovering "C:\\Users\\bhave\\OneDrive\\Desktop\\New app\\lost-found-app\\app\\report\\found\\page.tsx"
2026-02-11T17:00:05.771781Z  INFO scan_sources: tailwindcss_oxide::scanner: Discovering "C:\\Users\\bhave\\OneDrive\\Desktop\\New app\\lost-found-app\\app\\report\\lost"
2026-02-11T17:00:05.772165Z  INFO scan_sources: tailwindcss_oxide::scanner: Discovering "C:\\Users\\bhave\\OneDrive\\Desktop\\New app\\lost-found-app\\app\\report\\lost\\page.tsx"
2026-02-11T17:00:05.772553Z  INFO scan_sources: tailwindcss_oxide::scanner: Discovering "C:\\Users\\bhave\\OneDrive\\Desktop\\New app\\lost-found-app\\app\\reset-password"
2026-02-11T17:00:05.772919Z  INFO scan_sources: tailwindcss_oxide::scanner: Discovering "C:\\Users\\bhave\\OneDrive\\Desktop\\New app\\lost-found-app\\app\\reset-password\\page.tsx"
2026-02-11T17:00:05.773367Z  INFO scan_sources: tailwindcss_oxide::scanner: Discovering "C:\\Users\\bhave\\OneDrive\\Desktop\\New app\\lost-found-app\\app\\search"
2026-02-11T17:00:05.773723Z  INFO scan_sources: tailwindcss_oxide::scanner: Discovering "C:\\Users\\bhave\\OneDrive\\Desktop\\New app\\lost-found-app\\app\\search\\page.tsx"
2026-02-11T17:00:05.774440Z  INFO scan_sources: tailwindcss_oxide::scanner: Discovering "C:\\Users\\bhave\\OneDrive\\Desktop\\New app\\lost-found-app\\components"
2026-02-11T17:00:05.775074Z  INFO scan_sources: tailwindcss_oxide::scanner: Discovering "C:\\Users\\bhave\\OneDrive\\Desktop\\New app\\lost-found-app\\components\\Footer.tsx"
2026-02-11T17:00:05.775410Z  INFO scan_sources: tailwindcss_oxide::scanner: Discovering "C:\\Users\\bhave\\OneDrive\\Desktop\\New app\\lost-found-app\\components\\Navbar.tsx"
2026-02-11T17:00:05.775758Z  INFO scan_sources: tailwindcss_oxide::scanner: Discovering "C:\\Users\\bhave\\OneDrive\\Desktop\\New app\\lost-found-app\\components\\NotificationDropdown.tsx"
2026-02-11T17:00:05.776322Z  INFO scan_sources: tailwindcss_oxide::scanner: Discovering "C:\\Users\\bhave\\OneDrive\\Desktop\\New app\\lost-found-app\\eslint.config.mjs"
2026-02-11T17:00:05.776985Z  INFO scan_sources: tailwindcss_oxide::scanner: Discovering "C:\\Users\\bhave\\OneDrive\\Desktop\\New app\\lost-found-app\\lib"
2026-02-11T17:00:05.777523Z  INFO scan_sources: tailwindcss_oxide::scanner: Discovering "C:\\Users\\bhave\\OneDrive\\Desktop\\New app\\lost-found-app\\lib\\auth.ts"
2026-02-11T17:00:05.777811Z  INFO scan_sources: tailwindcss_oxide::scanner: Discovering "C:\\Users\\bhave\\OneDrive\\Desktop\\New app\\lost-found-app\\lib\\matching.ts"
2026-02-11T17:00:05.778120Z  INFO scan_sources: tailwindcss_oxide::scanner: Discovering "C:\\Users\\bhave\\OneDrive\\Desktop\\New app\\lost-found-app\\lib\\prisma.ts"
2026-02-11T17:00:05.778400Z  INFO scan_sources: tailwindcss_oxide::scanner: Discovering "C:\\Users\\bhave\\OneDrive\\Desktop\\New app\\lost-found-app\\lib\\supabase.ts"
2026-02-11T17:00:05.778647Z  INFO scan_sources: tailwindcss_oxide::scanner: Discovering "C:\\Users\\bhave\\OneDrive\\Desktop\\New app\\lost-found-app\\lib\\telegram.ts"
2026-02-11T17:00:05.778984Z  INFO scan_sources: tailwindcss_oxide::scanner: Discovering "C:\\Users\\bhave\\OneDrive\\Desktop\\New app\\lost-found-app\\make-admin.js"
2026-02-11T17:00:05.779337Z  INFO scan_sources: tailwindcss_oxide::scanner: Discovering "C:\\Users\\bhave\\OneDrive\\Desktop\\New app\\lost-found-app\\make-admin.ts"
2026-02-11T17:00:05.779581Z  INFO scan_sources: tailwindcss_oxide::scanner: Discovering "C:\\Users\\bhave\\OneDrive\\Desktop\\New app\\lost-found-app\\middleware.ts"
2026-02-11T17:00:05.779798Z  INFO scan_sources: tailwindcss_oxide::scanner: Discovering "C:\\Users\\bhave\\OneDrive\\Desktop\\New app\\lost-found-app\\netlify.toml"
2026-02-11T17:00:05.780015Z  INFO scan_sources: tailwindcss_oxide::scanner: Discovering "C:\\Users\\bhave\\OneDrive\\Desktop\\New app\\lost-found-app\\next.config.mjs"
2026-02-11T17:00:05.781031Z  INFO scan_sources: tailwindcss_oxide::scanner: Discovering "C:\\Users\\bhave\\OneDrive\\Desktop\\New app\\lost-found-app\\package.json"
2026-02-11T17:00:05.781267Z  INFO scan_sources: tailwindcss_oxide::scanner: Discovering "C:\\Users\\bhave\\OneDrive\\Desktop\\New app\\lost-found-app\\postcss.config.mjs"
2026-02-11T17:00:05.781475Z  INFO scan_sources: tailwindcss_oxide::scanner: Discovering "C:\\Users\\bhave\\OneDrive\\Desktop\\New app\\lost-found-app\\postgres_schema.sql"
2026-02-11T17:00:05.781875Z  INFO scan_sources: tailwindcss_oxide::scanner: Discovering "C:\\Users\\bhave\\OneDrive\\Desktop\\New app\\lost-found-app\\prisma"
2026-02-11T17:00:05.782410Z  INFO scan_sources: tailwindcss_oxide::scanner: Discovering "C:\\Users\\bhave\\OneDrive\\Desktop\\New app\\lost-found-app\\prisma\\migrations"
2026-02-11T17:00:05.782878Z  INFO scan_sources: tailwindcss_oxide::scanner: Discovering "C:\\Users\\bhave\\OneDrive\\Desktop\\New app\\lost-found-app\\prisma\\migrations\\20260209171310_init"
2026-02-11T17:00:05.783493Z  INFO scan_sources: tailwindcss_oxide::scanner: Discovering "C:\\Users\\bhave\\OneDrive\\Desktop\\New app\\lost-found-app\\prisma\\migrations\\20260209171310_init\\migration.sql"
2026-02-11T17:00:05.784079Z  INFO scan_sources: tailwindcss_oxide::scanner: Discovering "C:\\Users\\bhave\\OneDrive\\Desktop\\New app\\lost-found-app\\prisma\\migrations\\20260211110214_add_notification_model"
2026-02-11T17:00:05.784842Z  INFO scan_sources: tailwindcss_oxide::scanner: Discovering "C:\\Users\\bhave\\OneDrive\\Desktop\\New app\\lost-found-app\\prisma\\migrations\\20260211110214_add_notification_model\\migration.sql"
2026-02-11T17:00:05.785277Z  INFO scan_sources: tailwindcss_oxide::scanner: Discovering "C:\\Users\\bhave\\OneDrive\\Desktop\\New app\\lost-found-app\\prisma\\migrations\\migration_lock.toml"
2026-02-11T17:00:05.785663Z  INFO scan_sources: tailwindcss_oxide::scanner: Discovering "C:\\Users\\bhave\\OneDrive\\Desktop\\New app\\lost-found-app\\prisma\\schema.prisma"
2026-02-11T17:00:05.786268Z  INFO scan_sources: tailwindcss_oxide::scanner: Discovering "C:\\Users\\bhave\\OneDrive\\Desktop\\New app\\lost-found-app\\public"
2026-02-11T17:00:05.786736Z  INFO scan_sources: tailwindcss_oxide::scanner: Discovering "C:\\Users\\bhave\\OneDrive\\Desktop\\New app\\lost-found-app\\public\\file.svg"
2026-02-11T17:00:05.786961Z  INFO scan_sources: tailwindcss_oxide::scanner: Discovering "C:\\Users\\bhave\\OneDrive\\Desktop\\New app\\lost-found-app\\public\\globe.svg"
2026-02-11T17:00:05.787167Z  INFO scan_sources: tailwindcss_oxide::scanner: Discovering "C:\\Users\\bhave\\OneDrive\\Desktop\\New app\\lost-found-app\\public\\next.svg"
2026-02-11T17:00:05.787480Z  INFO scan_sources: tailwindcss_oxide::scanner: Discovering "C:\\Users\\bhave\\OneDrive\\Desktop\\New app\\lost-found-app\\public\\uploads"
2026-02-11T17:00:05.787922Z  INFO scan_sources: tailwindcss_oxide::scanner: Discovering "C:\\Users\\bhave\\OneDrive\\Desktop\\New app\\lost-found-app\\public\\vercel.svg"
2026-02-11T17:00:05.788144Z  INFO scan_sources: tailwindcss_oxide::scanner: Discovering "C:\\Users\\bhave\\OneDrive\\Desktop\\New app\\lost-found-app\\public\\window.svg"
2026-02-11T17:00:05.788459Z  INFO scan_sources: tailwindcss_oxide::scanner: Discovering "C:\\Users\\bhave\\OneDrive\\Desktop\\New app\\lost-found-app\\README.md"
2026-02-11T17:00:05.788772Z  INFO scan_sources: tailwindcss_oxide::scanner: Discovering "C:\\Users\\bhave\\OneDrive\\Desktop\\New app\\lost-found-app\\services"
2026-02-11T17:00:05.789137Z  INFO scan_sources: tailwindcss_oxide::scanner: Discovering "C:\\Users\\bhave\\OneDrive\\Desktop\\New app\\lost-found-app\\services\\telegram.ts"
2026-02-11T17:00:05.789421Z  INFO scan_sources: tailwindcss_oxide::scanner: Discovering "C:\\Users\\bhave\\OneDrive\\Desktop\\New app\\lost-found-app\\tsconfig.json"
2026-02-11T17:00:05.789626Z  INFO scan_sources: tailwindcss_oxide::scanner: Discovering "C:\\Users\\bhave\\OneDrive\\Desktop\\New app\\lost-found-app\\tsc_output.txt"
2026-02-11T17:00:05.789987Z  INFO scan_sources: tailwindcss_oxide::scanner: Discovering "C:\\Users\\bhave\\OneDrive\\Desktop\\New app\\lost-found-app\\types"
2026-02-11T17:00:05.790350Z  INFO scan_sources: tailwindcss_oxide::scanner: Discovering "C:\\Users\\bhave\\OneDrive\\Desktop\\New app\\lost-found-app\\types\\next-auth.d.ts"
2026-02-11T17:00:05.790763Z  INFO scan_sources: tailwindcss_oxide::scanner: exit
2026-02-11T17:00:05.790792Z  INFO extract_candidates: tailwindcss_oxide::scanner: enter
2026-02-11T17:00:05.790807Z  INFO extract_candidates:read_all_files: tailwindcss_oxide::scanner: enter
2026-02-11T17:00:05.790816Z  INFO extract_candidates:read_all_files: tailwindcss_oxide::scanner: Reading 55 file(s)
2026-02-11T17:00:05.791823Z  INFO tailwindcss_oxide::scanner: Reading "C:\\Users\\bhave\\OneDrive\\Desktop\\New app\\lost-found-app\\app\\actions\\user.ts"
2026-02-11T17:00:05.791834Z  INFO tailwindcss_oxide::scanner: Reading "C:\\Users\\bhave\\OneDrive\\Desktop\\New app\\lost-found-app\\app\\actions\\admin.ts"
2026-02-11T17:00:05.791843Z  INFO tailwindcss_oxide::scanner: Reading "C:\\Users\\bhave\\OneDrive\\Desktop\\New app\\lost-found-app\\app\\layout.tsx"
2026-02-11T17:00:05.791888Z  INFO tailwindcss_oxide::scanner: Reading "C:\\Users\\bhave\\OneDrive\\Desktop\\New app\\lost-found-app\\app\\actions\\item.ts"
2026-02-11T17:00:05.791888Z  INFO tailwindcss_oxide::scanner: Reading "C:\\Users\\bhave\\OneDrive\\Desktop\\New app\\lost-found-app\\eslint.config.mjs"
2026-02-11T17:00:05.792042Z  INFO tailwindcss_oxide::scanner: Reading "C:\\Users\\bhave\\OneDrive\\Desktop\\New app\\lost-found-app\\app\\actions\\auth.ts"
2026-02-11T17:00:05.792072Z  INFO tailwindcss_oxide::scanner: Reading "C:\\Users\\bhave\\OneDrive\\Desktop\\New app\\lost-found-app\\app\\admin\\page.tsx"
2026-02-11T17:00:05.792101Z  INFO tailwindcss_oxide::scanner: Reading "C:\\Users\\bhave\\OneDrive\\Desktop\\New app\\lost-found-app\\prisma\\migrations\\20260209171310_init\\migration.sql"
2026-02-11T17:00:05.792095Z  INFO tailwindcss_oxide::scanner: Reading "C:\\Users\\bhave\\OneDrive\\Desktop\\New app\\lost-found-app\\app\\login\\page.tsx"
2026-02-11T17:00:05.792211Z  INFO tailwindcss_oxide::scanner: Reading "C:\\Users\\bhave\\OneDrive\\Desktop\\New app\\lost-found-app\\app\\actions\\notification.ts"
2026-02-11T17:00:05.792213Z  INFO tailwindcss_oxide::scanner: Reading "C:\\Users\\bhave\\OneDrive\\Desktop\\New app\\lost-found-app\\app\\api\\auth\\[...nextauth]\\route.ts"
2026-02-11T17:00:05.792243Z  INFO tailwindcss_oxide::scanner: Reading "C:\\Users\\bhave\\OneDrive\\Desktop\\New app\\lost-found-app\\app\\actions\\claim.ts"
2026-02-11T17:00:05.792308Z  INFO tailwindcss_oxide::scanner: Reading "C:\\Users\\bhave\\OneDrive\\Desktop\\New app\\lost-found-app\\app\\report\\found\\page.tsx"
2026-02-11T17:00:05.791981Z  INFO tailwindcss_oxide::scanner: Reading "C:\\Users\\bhave\\OneDrive\\Desktop\\New app\\lost-found-app\\app\\api\\register\\route.ts"
2026-02-11T17:00:05.792351Z  INFO tailwindcss_oxide::scanner: Reading "C:\\Users\\bhave\\OneDrive\\Desktop\\New app\\lost-found-app\\app\\actions\\report.ts"
2026-02-11T17:00:05.792393Z  INFO tailwindcss_oxide::scanner: Reading "C:\\Users\\bhave\\OneDrive\\Desktop\\New app\\lost-found-app\\app\\matching\\page.tsx"
2026-02-11T17:00:05.792400Z  INFO tailwindcss_oxide::scanner: Reading "C:\\Users\\bhave\\OneDrive\\Desktop\\New app\\lost-found-app\\app\\providers.tsx"
2026-02-11T17:00:05.792428Z  INFO tailwindcss_oxide::scanner: Reading "C:\\Users\\bhave\\OneDrive\\Desktop\\New app\\lost-found-app\\make-admin.ts"
2026-02-11T17:00:05.792482Z  INFO tailwindcss_oxide::scanner: Reading "C:\\Users\\bhave\\OneDrive\\Desktop\\New app\\lost-found-app\\app\\page.tsx"
2026-02-11T17:00:05.792583Z  INFO tailwindcss_oxide::scanner: Reading "C:\\Users\\bhave\\OneDrive\\Desktop\\New app\\lost-found-app\\app\\report\\lost\\page.tsx"
2026-02-11T17:00:05.792617Z  INFO tailwindcss_oxide::scanner: Reading "C:\\Users\\bhave\\OneDrive\\Desktop\\New app\\lost-found-app\\middleware.ts"
2026-02-11T17:00:05.792623Z  INFO tailwindcss_oxide::scanner: Reading "C:\\Users\\bhave\\OneDrive\\Desktop\\New app\\lost-found-app\\app\\search\\page.tsx"
2026-02-11T17:00:05.792646Z  INFO tailwindcss_oxide::scanner: Reading "C:\\Users\\bhave\\OneDrive\\Desktop\\New app\\lost-found-app\\app\\reset-password\\page.tsx"
2026-02-11T17:00:05.792659Z  INFO tailwindcss_oxide::scanner: Reading "C:\\Users\\bhave\\OneDrive\\Desktop\\New app\\lost-found-app\\netlify.toml"
2026-02-11T17:00:05.792667Z  INFO tailwindcss_oxide::scanner: Reading "C:\\Users\\bhave\\OneDrive\\Desktop\\New app\\lost-found-app\\lib\\auth.ts"
2026-02-11T17:00:05.792718Z  INFO tailwindcss_oxide::scanner: Reading "C:\\Users\\bhave\\OneDrive\\Desktop\\New app\\lost-found-app\\app\\profile\\page.tsx"
2026-02-11T17:00:05.792718Z  INFO tailwindcss_oxide::scanner: Reading "C:\\Users\\bhave\\OneDrive\\Desktop\\New app\\lost-found-app\\app\\api\\upload\\route.ts"
2026-02-11T17:00:05.792817Z  INFO tailwindcss_oxide::scanner: Reading "C:\\Users\\bhave\\OneDrive\\Desktop\\New app\\lost-found-app\\public\\vercel.svg"
2026-02-11T17:00:05.792840Z  INFO tailwindcss_oxide::scanner: Reading "C:\\Users\\bhave\\OneDrive\\Desktop\\New app\\lost-found-app\\components\\Footer.tsx"
2026-02-11T17:00:05.792833Z  INFO tailwindcss_oxide::scanner: Reading "C:\\Users\\bhave\\OneDrive\\Desktop\\New app\\lost-found-app\\services\\telegram.ts"
2026-02-11T17:00:05.792879Z  INFO tailwindcss_oxide::scanner: Reading "C:\\Users\\bhave\\OneDrive\\Desktop\\New app\\lost-found-app\\lib\\matching.ts"
2026-02-11T17:00:05.792880Z  INFO tailwindcss_oxide::scanner: Reading "C:\\Users\\bhave\\OneDrive\\Desktop\\New app\\lost-found-app\\lib\\prisma.ts"
2026-02-11T17:00:05.792962Z  INFO tailwindcss_oxide::scanner: Reading "C:\\Users\\bhave\\OneDrive\\Desktop\\New app\\lost-found-app\\app\\forgot-password\\page.tsx"
2026-02-11T17:00:05.792978Z  INFO tailwindcss_oxide::scanner: Reading "C:\\Users\\bhave\\OneDrive\\Desktop\\New app\\lost-found-app\\next.config.mjs"
2026-02-11T17:00:05.793040Z  INFO tailwindcss_oxide::scanner: Reading "C:\\Users\\bhave\\OneDrive\\Desktop\\New app\\lost-found-app\\components\\Navbar.tsx"
2026-02-11T17:00:05.793058Z  INFO tailwindcss_oxide::scanner: Reading "C:\\Users\\bhave\\OneDrive\\Desktop\\New app\\lost-found-app\\public\\window.svg"
2026-02-11T17:00:05.793071Z  INFO tailwindcss_oxide::scanner: Reading "C:\\Users\\bhave\\OneDrive\\Desktop\\New app\\lost-found-app\\tsconfig.json"
2026-02-11T17:00:05.793063Z  INFO tailwindcss_oxide::scanner: Reading "C:\\Users\\bhave\\OneDrive\\Desktop\\New app\\lost-found-app\\tsc_output.txt"
2026-02-11T17:00:05.793094Z  INFO tailwindcss_oxide::scanner: Reading "C:\\Users\\bhave\\OneDrive\\Desktop\\New app\\lost-found-app\\prisma\\migrations\\migration_lock.toml"
2026-02-11T17:00:05.793141Z  INFO tailwindcss_oxide::scanner: Reading "C:\\Users\\bhave\\OneDrive\\Desktop\\New app\\lost-found-app\\lib\\supabase.ts"
2026-02-11T17:00:05.793182Z  INFO tailwindcss_oxide::scanner: Reading "C:\\Users\\bhave\\OneDrive\\Desktop\\New app\\lost-found-app\\package.json"
2026-02-11T17:00:05.793195Z  INFO tailwindcss_oxide::scanner: Reading "C:\\Users\\bhave\\OneDrive\\Desktop\\New app\\lost-found-app\\app\\item\\[id]\\page.tsx"
2026-02-11T17:00:05.793181Z  INFO tailwindcss_oxide::scanner: Reading "C:\\Users\\bhave\\OneDrive\\Desktop\\New app\\lost-found-app\\types\\next-auth.d.ts"
2026-02-11T17:00:05.793240Z  INFO tailwindcss_oxide::scanner: Reading "C:\\Users\\bhave\\OneDrive\\Desktop\\New app\\lost-found-app\\lib\\telegram.ts"
2026-02-11T17:00:05.793271Z  INFO tailwindcss_oxide::scanner: Reading "C:\\Users\\bhave\\OneDrive\\Desktop\\New app\\lost-found-app\\make-admin.js"
2026-02-11T17:00:05.793317Z  INFO tailwindcss_oxide::scanner: Reading "C:\\Users\\bhave\\OneDrive\\Desktop\\New app\\lost-found-app\\public\\globe.svg"
2026-02-11T17:00:05.792880Z  INFO tailwindcss_oxide::scanner: Reading "C:\\Users\\bhave\\OneDrive\\Desktop\\New app\\lost-found-app\\prisma\\schema.prisma"
2026-02-11T17:00:05.793387Z  INFO tailwindcss_oxide::scanner: Reading "C:\\Users\\bhave\\OneDrive\\Desktop\\New app\\lost-found-app\\README.md"
2026-02-11T17:00:05.793395Z  INFO tailwindcss_oxide::scanner: Reading "C:\\Users\\bhave\\OneDrive\\Desktop\\New app\\lost-found-app\\postcss.config.mjs"
2026-02-11T17:00:05.793403Z  INFO tailwindcss_oxide::scanner: Reading "C:\\Users\\bhave\\OneDrive\\Desktop\\New app\\lost-found-app\\postgres_schema.sql"
2026-02-11T17:00:05.792325Z  INFO tailwindcss_oxide::scanner: Reading "C:\\Users\\bhave\\OneDrive\\Desktop\\New app\\lost-found-app\\prisma\\migrations\\20260211110214_add_notification_model\\migration.sql"
2026-02-11T17:00:05.793206Z  INFO tailwindcss_oxide::scanner: Reading "C:\\Users\\bhave\\OneDrive\\Desktop\\New app\\lost-found-app\\app\\register\\page.tsx"
2026-02-11T17:00:05.793208Z  INFO tailwindcss_oxide::scanner: Reading "C:\\Users\\bhave\\OneDrive\\Desktop\\New app\\lost-found-app\\components\\NotificationDropdown.tsx"
2026-02-11T17:00:05.793448Z  INFO tailwindcss_oxide::scanner: Reading "C:\\Users\\bhave\\OneDrive\\Desktop\\New app\\lost-found-app\\public\\next.svg"
2026-02-11T17:00:05.793446Z  INFO tailwindcss_oxide::scanner: Reading "C:\\Users\\bhave\\OneDrive\\Desktop\\New app\\lost-found-app\\public\\file.svg"
2026-02-11T17:00:05.793722Z  INFO extract_candidates:read_all_files: tailwindcss_oxide::scanner: exit
2026-02-11T17:00:05.793790Z  INFO extract_candidates:parse_all_blobs: tailwindcss_oxide::scanner: enter
2026-02-11T17:00:05.793830Z  INFO extract_candidates:parse_all_blobs:extract: tailwindcss_oxide::scanner: enter
2026-02-11T17:00:05.797087Z  INFO extract_candidates:parse_all_blobs:extract: tailwindcss_oxide::scanner: exit
2026-02-11T17:00:05.797157Z  INFO extract_candidates:parse_all_blobs: tailwindcss_oxide::scanner: exit
2026-02-11T17:00:05.797172Z  INFO extract_candidates:read_all_files: tailwindcss_oxide::scanner: enter
2026-02-11T17:00:05.797180Z  INFO extract_candidates:read_all_files: tailwindcss_oxide::scanner: Reading 1 file(s)
2026-02-11T17:00:05.797375Z  INFO extract_candidates:read_all_files: tailwindcss_oxide::scanner: Reading "C:\\Users\\bhave\\OneDrive\\Desktop\\New app\\lost-found-app\\app\\globals.css"
2026-02-11T17:00:05.797396Z  INFO extract_candidates:read_all_files: tailwindcss_oxide::scanner: exit
2026-02-11T17:00:05.797411Z  INFO extract_candidates:extract_css_variables: tailwindcss_oxide::scanner: enter
2026-02-11T17:00:05.797419Z  INFO extract_candidates:extract_css_variables:extract: tailwindcss_oxide::scanner: enter
2026-02-11T17:00:05.798490Z  INFO extract_candidates:extract_css_variables:extract: tailwindcss_oxide::scanner: exit
2026-02-11T17:00:05.798525Z  INFO extract_candidates:extract_css_variables: tailwindcss_oxide::scanner: exit
2026-02-11T17:00:05.800660Z  INFO extract_candidates: tailwindcss_oxide::scanner: exit
2026-02-11T17:00:05.801472Z  INFO get_files: tailwindcss_oxide::scanner: enter
2026-02-11T17:00:05.801496Z  INFO get_files:scan_sources: tailwindcss_oxide::scanner: enter
2026-02-11T17:00:05.806290Z  INFO get_files:scan_sources: tailwindcss_oxide::scanner: Discovering "C:\\Users\\bhave\\OneDrive\\Desktop\\New app\\lost-found-app\\app"
2026-02-11T17:00:05.807056Z  INFO get_files:scan_sources: tailwindcss_oxide::scanner: Discovering "C:\\Users\\bhave\\OneDrive\\Desktop\\New app\\lost-found-app\\app\\actions"
2026-02-11T17:00:05.808490Z  INFO get_files:scan_sources: tailwindcss_oxide::scanner: Discovering "C:\\Users\\bhave\\OneDrive\\Desktop\\New app\\lost-found-app\\app\\admin"
2026-02-11T17:00:05.809246Z  INFO get_files:scan_sources: tailwindcss_oxide::scanner: Discovering "C:\\Users\\bhave\\OneDrive\\Desktop\\New app\\lost-found-app\\app\\api"
2026-02-11T17:00:05.809858Z  INFO get_files:scan_sources: tailwindcss_oxide::scanner: Discovering "C:\\Users\\bhave\\OneDrive\\Desktop\\New app\\lost-found-app\\app\\api\\auth"
2026-02-11T17:00:05.810423Z  INFO get_files:scan_sources: tailwindcss_oxide::scanner: Discovering "C:\\Users\\bhave\\OneDrive\\Desktop\\New app\\lost-found-app\\app\\api\\auth\\[...nextauth]"
2026-02-11T17:00:05.811299Z  INFO get_files:scan_sources: tailwindcss_oxide::scanner: Discovering "C:\\Users\\bhave\\OneDrive\\Desktop\\New app\\lost-found-app\\app\\api\\register"
2026-02-11T17:00:05.812149Z  INFO get_files:scan_sources: tailwindcss_oxide::scanner: Discovering "C:\\Users\\bhave\\OneDrive\\Desktop\\New app\\lost-found-app\\app\\api\\upload"
2026-02-11T17:00:05.813080Z  INFO get_files:scan_sources: tailwindcss_oxide::scanner: Discovering "C:\\Users\\bhave\\OneDrive\\Desktop\\New app\\lost-found-app\\app\\forgot-password"
2026-02-11T17:00:05.814036Z  INFO get_files:scan_sources: tailwindcss_oxide::scanner: Discovering "C:\\Users\\bhave\\OneDrive\\Desktop\\New app\\lost-found-app\\app\\item"
2026-02-11T17:00:05.814597Z  INFO get_files:scan_sources: tailwindcss_oxide::scanner: Discovering "C:\\Users\\bhave\\OneDrive\\Desktop\\New app\\lost-found-app\\app\\item\\[id]"
2026-02-11T17:00:05.815441Z  INFO get_files:scan_sources: tailwindcss_oxide::scanner: Discovering "C:\\Users\\bhave\\OneDrive\\Desktop\\New app\\lost-found-app\\app\\login"
2026-02-11T17:00:05.816130Z  INFO get_files:scan_sources: tailwindcss_oxide::scanner: Discovering "C:\\Users\\bhave\\OneDrive\\Desktop\\New app\\lost-found-app\\app\\matching"
2026-02-11T17:00:05.816864Z  INFO get_files:scan_sources: tailwindcss_oxide::scanner: Discovering "C:\\Users\\bhave\\OneDrive\\Desktop\\New app\\lost-found-app\\app\\profile"
2026-02-11T17:00:05.817738Z  INFO get_files:scan_sources: tailwindcss_oxide::scanner: Discovering "C:\\Users\\bhave\\OneDrive\\Desktop\\New app\\lost-found-app\\app\\register"
2026-02-11T17:00:05.818370Z  INFO get_files:scan_sources: tailwindcss_oxide::scanner: Discovering "C:\\Users\\bhave\\OneDrive\\Desktop\\New app\\lost-found-app\\app\\report"
2026-02-11T17:00:05.818829Z  INFO get_files:scan_sources: tailwindcss_oxide::scanner: Discovering "C:\\Users\\bhave\\OneDrive\\Desktop\\New app\\lost-found-app\\app\\report\\found"
2026-02-11T17:00:05.819518Z  INFO get_files:scan_sources: tailwindcss_oxide::scanner: Discovering "C:\\Users\\bhave\\OneDrive\\Desktop\\New app\\lost-found-app\\app\\report\\lost"
2026-02-11T17:00:05.820198Z  INFO get_files:scan_sources: tailwindcss_oxide::scanner: Discovering "C:\\Users\\bhave\\OneDrive\\Desktop\\New app\\lost-found-app\\app\\reset-password"
2026-02-11T17:00:05.820789Z  INFO get_files:scan_sources: tailwindcss_oxide::scanner: Discovering "C:\\Users\\bhave\\OneDrive\\Desktop\\New app\\lost-found-app\\app\\search"
2026-02-11T17:00:05.821474Z  INFO get_files:scan_sources: tailwindcss_oxide::scanner: Discovering "C:\\Users\\bhave\\OneDrive\\Desktop\\New app\\lost-found-app\\components"
2026-02-11T17:00:05.822488Z  INFO get_files:scan_sources: tailwindcss_oxide::scanner: Discovering "C:\\Users\\bhave\\OneDrive\\Desktop\\New app\\lost-found-app\\lib"
2026-02-11T17:00:05.825134Z  INFO get_files:scan_sources: tailwindcss_oxide::scanner: Discovering "C:\\Users\\bhave\\OneDrive\\Desktop\\New app\\lost-found-app\\prisma"
2026-02-11T17:00:05.825716Z  INFO get_files:scan_sources: tailwindcss_oxide::scanner: Discovering "C:\\Users\\bhave\\OneDrive\\Desktop\\New app\\lost-found-app\\prisma\\migrations"
2026-02-11T17:00:05.826252Z  INFO get_files:scan_sources: tailwindcss_oxide::scanner: Discovering "C:\\Users\\bhave\\OneDrive\\Desktop\\New app\\lost-found-app\\prisma\\migrations\\20260209171310_init"
2026-02-11T17:00:05.826953Z  INFO get_files:scan_sources: tailwindcss_oxide::scanner: Discovering "C:\\Users\\bhave\\OneDrive\\Desktop\\New app\\lost-found-app\\prisma\\migrations\\20260211110214_add_notification_model"
2026-02-11T17:00:05.828554Z  INFO get_files:scan_sources: tailwindcss_oxide::scanner: Discovering "C:\\Users\\bhave\\OneDrive\\Desktop\\New app\\lost-found-app\\public"
2026-02-11T17:00:05.829567Z  INFO get_files:scan_sources: tailwindcss_oxide::scanner: Discovering "C:\\Users\\bhave\\OneDrive\\Desktop\\New app\\lost-found-app\\public\\uploads"
2026-02-11T17:00:05.830544Z  INFO get_files:scan_sources: tailwindcss_oxide::scanner: Discovering "C:\\Users\\bhave\\OneDrive\\Desktop\\New app\\lost-found-app\\services"
2026-02-11T17:00:05.831840Z  INFO get_files:scan_sources: tailwindcss_oxide::scanner: Discovering "C:\\Users\\bhave\\OneDrive\\Desktop\\New app\\lost-found-app\\types"
2026-02-11T17:00:05.832383Z  INFO get_files:scan_sources: tailwindcss_oxide::scanner: exit
2026-02-11T17:00:05.832603Z  INFO get_files: tailwindcss_oxide::scanner: exit
2026-02-11T17:00:05.833345Z  INFO get_globs: tailwindcss_oxide::scanner: enter
2026-02-11T17:00:05.833370Z  INFO get_globs:scan_sources: tailwindcss_oxide::scanner: enter
2026-02-11T17:00:05.837115Z  INFO get_globs:scan_sources: tailwindcss_oxide::scanner: Discovering "C:\\Users\\bhave\\OneDrive\\Desktop\\New app\\lost-found-app\\app"
2026-02-11T17:00:05.837577Z  INFO get_globs:scan_sources: tailwindcss_oxide::scanner: Discovering "C:\\Users\\bhave\\OneDrive\\Desktop\\New app\\lost-found-app\\app\\actions"
2026-02-11T17:00:05.839174Z  INFO get_globs:scan_sources: tailwindcss_oxide::scanner: Discovering "C:\\Users\\bhave\\OneDrive\\Desktop\\New app\\lost-found-app\\app\\admin"
2026-02-11T17:00:05.839806Z  INFO get_globs:scan_sources: tailwindcss_oxide::scanner: Discovering "C:\\Users\\bhave\\OneDrive\\Desktop\\New app\\lost-found-app\\app\\api"
2026-02-11T17:00:05.840237Z  INFO get_globs:scan_sources: tailwindcss_oxide::scanner: Discovering "C:\\Users\\bhave\\OneDrive\\Desktop\\New app\\lost-found-app\\app\\api\\auth"
2026-02-11T17:00:05.840696Z  INFO get_globs:scan_sources: tailwindcss_oxide::scanner: Discovering "C:\\Users\\bhave\\OneDrive\\Desktop\\New app\\lost-found-app\\app\\api\\auth\\[...nextauth]"
2026-02-11T17:00:05.841412Z  INFO get_globs:scan_sources: tailwindcss_oxide::scanner: Discovering "C:\\Users\\bhave\\OneDrive\\Desktop\\New app\\lost-found-app\\app\\api\\register"
2026-02-11T17:00:05.842028Z  INFO get_globs:scan_sources: tailwindcss_oxide::scanner: Discovering "C:\\Users\\bhave\\OneDrive\\Desktop\\New app\\lost-found-app\\app\\api\\upload"
2026-02-11T17:00:05.842709Z  INFO get_globs:scan_sources: tailwindcss_oxide::scanner: Discovering "C:\\Users\\bhave\\OneDrive\\Desktop\\New app\\lost-found-app\\app\\forgot-password"
2026-02-11T17:00:05.844667Z  INFO get_globs:scan_sources: tailwindcss_oxide::scanner: Discovering "C:\\Users\\bhave\\OneDrive\\Desktop\\New app\\lost-found-app\\app\\item"
2026-02-11T17:00:05.845427Z  INFO get_globs:scan_sources: tailwindcss_oxide::scanner: Discovering "C:\\Users\\bhave\\OneDrive\\Desktop\\New app\\lost-found-app\\app\\item\\[id]"
2026-02-11T17:00:05.846175Z  INFO get_globs:scan_sources: tailwindcss_oxide::scanner: Discovering "C:\\Users\\bhave\\OneDrive\\Desktop\\New app\\lost-found-app\\app\\login"
2026-02-11T17:00:05.846782Z  INFO get_globs:scan_sources: tailwindcss_oxide::scanner: Discovering "C:\\Users\\bhave\\OneDrive\\Desktop\\New app\\lost-found-app\\app\\matching"
2026-02-11T17:00:05.847445Z  INFO get_globs:scan_sources: tailwindcss_oxide::scanner: Discovering "C:\\Users\\bhave\\OneDrive\\Desktop\\New app\\lost-found-app\\app\\profile"
2026-02-11T17:00:05.848104Z  INFO get_globs:scan_sources: tailwindcss_oxide::scanner: Discovering "C:\\Users\\bhave\\OneDrive\\Desktop\\New app\\lost-found-app\\app\\register"
2026-02-11T17:00:05.848696Z  INFO get_globs:scan_sources: tailwindcss_oxide::scanner: Discovering "C:\\Users\\bhave\\OneDrive\\Desktop\\New app\\lost-found-app\\app\\report"
2026-02-11T17:00:05.849120Z  INFO get_globs:scan_sources: tailwindcss_oxide::scanner: Discovering "C:\\Users\\bhave\\OneDrive\\Desktop\\New app\\lost-found-app\\app\\report\\found"
2026-02-11T17:00:05.849695Z  INFO get_globs:scan_sources: tailwindcss_oxide::scanner: Discovering "C:\\Users\\bhave\\OneDrive\\Desktop\\New app\\lost-found-app\\app\\report\\lost"
2026-02-11T17:00:05.850339Z  INFO get_globs:scan_sources: tailwindcss_oxide::scanner: Discovering "C:\\Users\\bhave\\OneDrive\\Desktop\\New app\\lost-found-app\\app\\reset-password"
2026-02-11T17:00:05.850950Z  INFO get_globs:scan_sources: tailwindcss_oxide::scanner: Discovering "C:\\Users\\bhave\\OneDrive\\Desktop\\New app\\lost-found-app\\app\\search"
2026-02-11T17:00:05.851624Z  INFO get_globs:scan_sources: tailwindcss_oxide::scanner: Discovering "C:\\Users\\bhave\\OneDrive\\Desktop\\New app\\lost-found-app\\components"
2026-02-11T17:00:05.853005Z  INFO get_globs:scan_sources: tailwindcss_oxide::scanner: Discovering "C:\\Users\\bhave\\OneDrive\\Desktop\\New app\\lost-found-app\\lib"
2026-02-11T17:00:05.856322Z  INFO get_globs:scan_sources: tailwindcss_oxide::scanner: Discovering "C:\\Users\\bhave\\OneDrive\\Desktop\\New app\\lost-found-app\\prisma"
2026-02-11T17:00:05.856827Z  INFO get_globs:scan_sources: tailwindcss_oxide::scanner: Discovering "C:\\Users\\bhave\\OneDrive\\Desktop\\New app\\lost-found-app\\prisma\\migrations"
2026-02-11T17:00:05.857273Z  INFO get_globs:scan_sources: tailwindcss_oxide::scanner: Discovering "C:\\Users\\bhave\\OneDrive\\Desktop\\New app\\lost-found-app\\prisma\\migrations\\20260209171310_init"
2026-02-11T17:00:05.857872Z  INFO get_globs:scan_sources: tailwindcss_oxide::scanner: Discovering "C:\\Users\\bhave\\OneDrive\\Desktop\\New app\\lost-found-app\\prisma\\migrations\\20260211110214_add_notification_model"
2026-02-11T17:00:05.860336Z  INFO get_globs:scan_sources: tailwindcss_oxide::scanner: Discovering "C:\\Users\\bhave\\OneDrive\\Desktop\\New app\\lost-found-app\\public"
2026-02-11T17:00:05.861631Z  INFO get_globs:scan_sources: tailwindcss_oxide::scanner: Discovering "C:\\Users\\bhave\\OneDrive\\Desktop\\New app\\lost-found-app\\public\\uploads"
2026-02-11T17:00:05.863112Z  INFO get_globs:scan_sources: tailwindcss_oxide::scanner: Discovering "C:\\Users\\bhave\\OneDrive\\Desktop\\New app\\lost-found-app\\services"
2026-02-11T17:00:05.864532Z  INFO get_globs:scan_sources: tailwindcss_oxide::scanner: Discovering "C:\\Users\\bhave\\OneDrive\\Desktop\\New app\\lost-found-app\\types"
2026-02-11T17:00:05.865356Z  INFO get_globs:scan_sources: tailwindcss_oxide::scanner: exit
2026-02-11T17:00:05.902027Z  INFO get_globs: tailwindcss_oxide::scanner: exit
